{
  "_class": "hudson.maven.reporters.SurefireAggregatedReport",
  "failCount": 2,
  "skipCount": 0,
  "totalCount": 3,
  "urlName": "testReport",
  "childReports": [
    {
      "child": {
        "_class": "hudson.maven.MavenBuild",
        "actions": [
          {
            "_class": "hudson.maven.reporters.SurefireReport",
            "failCount": 2,
            "skipCount": 0,
            "totalCount": 3,
            "urlName": "testReport"
          },
          {},
          {
            "_class": "hudson.maven.reporters.MavenArtifactRecord",
            "url": "http://localhost:8080/job/Test/space.eignatik$testJJ/10/mavenArtifacts/"
          },
          {},
          {},
          {}
        ],
        "artifacts": [
          {
            "displayPath": "testJJ-1.0-SNAPSHOT.pom",
            "fileName": "testJJ-1.0-SNAPSHOT.pom",
            "relativePath": "space.eignatik/testJJ/1.0-SNAPSHOT/testJJ-1.0-SNAPSHOT.pom"
          }
        ],
        "building": false,
        "description": null,
        "displayName": "#10",
        "duration": 4346,
        "estimatedDuration": 4042,
        "executor": null,
        "fullDisplayName": "Test Â» testJJ #10",
        "id": "10",
        "keepLog": false,
        "number": 10,
        "queueId": -1,
        "result": "UNSTABLE",
        "timestamp": 1521353965688,
        "url": "http://localhost:8080/job/Test/space.eignatik$testJJ/10/",
        "builtOn": "",
        "changeSet": {
          "_class": "hudson.maven.FilteredChangeLogSet",
          "items": [],
          "kind": null
        },
        "culprits": [],
        "mavenArtifacts": {
          "url": "http://localhost:8080/job/Test/space.eignatik$testJJ/10/mavenArtifacts/"
        }
      },
      "result": {
        "_class": "hudson.tasks.junit.TestResult",
        "testActions": [],
        "duration": 0.074999996,
        "empty": false,
        "failCount": 2,
        "passCount": 1,
        "skipCount": 0,
        "suites": [
          {
            "cases": [
              {
                "testActions": [],
                "age": 0,
                "className": "space.eignatik.testjj.ServiceTest",
                "duration": 0.073,
                "errorDetails": null,
                "errorStackTrace": null,
                "failedSince": 0,
                "name": "testServiceAvailability",
                "skipped": false,
                "skippedMessage": null,
                "status": "PASSED",
                "stderr": null,
                "stdout": null
              }
            ],
            "duration": 0.073,
            "enclosingBlockNames": [],
            "enclosingBlocks": [],
            "id": null,
            "name": "space.eignatik.testjj.ServiceTest",
            "nodeId": null,
            "stderr": null,
            "stdout": null,
            "timestamp": null
          },
          {
            "cases": [
              {
                "testActions": [],
                "age": 1,
                "className": "space.eignatik.testjj.SomeTest",
                "duration": 0.002,
                "errorDetails": "Oopsy, random failure!",
                "errorStackTrace": "java.lang.AssertionError: Oopsy, random failure!\n\tat org.junit.Assert.fail(Assert.java:88)\n\tat space.eignatik.testjj.SomeTest.randomFailingTest(SomeTest.java:13)\n\tat sun.reflect.NativeMethodAccessorImpl.invoke0(Native Method)\n\tat sun.reflect.NativeMethodAccessorImpl.invoke(NativeMethodAccessorImpl.java:62)\n\tat sun.reflect.DelegatingMethodAccessorImpl.invoke(DelegatingMethodAccessorImpl.java:43)\n\tat java.lang.reflect.Method.invoke(Method.java:498)\n\tat org.junit.runners.model.FrameworkMethod$1.runReflectiveCall(FrameworkMethod.java:50)\n\tat org.junit.internal.runners.model.ReflectiveCallable.run(ReflectiveCallable.java:12)\n\tat org.junit.runners.model.FrameworkMethod.invokeExplosively(FrameworkMethod.java:47)\n\tat org.junit.internal.runners.statements.InvokeMethod.evaluate(InvokeMethod.java:17)\n\tat org.junit.runners.ParentRunner.runLeaf(ParentRunner.java:325)\n\tat org.junit.runners.BlockJUnit4ClassRunner.runChild(BlockJUnit4ClassRunner.java:78)\n\tat org.junit.runners.BlockJUnit4ClassRunner.runChild(BlockJUnit4ClassRunner.java:57)\n\tat org.junit.runners.ParentRunner$3.run(ParentRunner.java:290)\n\tat org.junit.runners.ParentRunner$1.schedule(ParentRunner.java:71)\n\tat org.junit.runners.ParentRunner.runChildren(ParentRunner.java:288)\n\tat org.junit.runners.ParentRunner.access$000(ParentRunner.java:58)\n\tat org.junit.runners.ParentRunner$2.evaluate(ParentRunner.java:268)\n\tat org.junit.runners.ParentRunner.run(ParentRunner.java:363)\n\tat org.apache.maven.surefire.junit4.JUnit4Provider.execute(JUnit4Provider.java:252)\n\tat org.apache.maven.surefire.junit4.JUnit4Provider.executeTestSet(JUnit4Provider.java:141)\n\tat org.apache.maven.surefire.junit4.JUnit4Provider.invoke(JUnit4Provider.java:112)\n\tat sun.reflect.NativeMethodAccessorImpl.invoke0(Native Method)\n\tat sun.reflect.NativeMethodAccessorImpl.invoke(NativeMethodAccessorImpl.java:62)\n\tat sun.reflect.DelegatingMethodAccessorImpl.invoke(DelegatingMethodAccessorImpl.java:43)\n\tat java.lang.reflect.Method.invoke(Method.java:498)\n\tat org.apache.maven.surefire.util.ReflectionUtils.invokeMethodWithArray(ReflectionUtils.java:189)\n\tat org.apache.maven.surefire.booter.ProviderFactory$ProviderProxy.invoke(ProviderFactory.java:165)\n\tat org.apache.maven.surefire.booter.ProviderFactory.invokeProvider(ProviderFactory.java:85)\n\tat org.apache.maven.surefire.booter.ForkedBooter.runSuitesInProcess(ForkedBooter.java:115)\n\tat org.apache.maven.surefire.booter.ForkedBooter.main(ForkedBooter.java:75)\n",
                "failedSince": 10,
                "name": "randomFailingTest",
                "skipped": false,
                "skippedMessage": null,
                "status": "REGRESSION",
                "stderr": null,
                "stdout": null
              },
              {
                "testActions": [],
                "age": 1,
                "className": "space.eignatik.testjj.SomeTest",
                "duration": 0.0,
                "errorDetails": "Another failure!",
                "errorStackTrace": "java.lang.AssertionError: Another failure!\n\tat org.junit.Assert.fail(Assert.java:88)\n\tat space.eignatik.testjj.SomeTest.anotherRandomFailingTest(SomeTest.java:20)\n\tat sun.reflect.NativeMethodAccessorImpl.invoke0(Native Method)\n\tat sun.reflect.NativeMethodAccessorImpl.invoke(NativeMethodAccessorImpl.java:62)\n\tat sun.reflect.DelegatingMethodAccessorImpl.invoke(DelegatingMethodAccessorImpl.java:43)\n\tat java.lang.reflect.Method.invoke(Method.java:498)\n\tat org.junit.runners.model.FrameworkMethod$1.runReflectiveCall(FrameworkMethod.java:50)\n\tat org.junit.internal.runners.model.ReflectiveCallable.run(ReflectiveCallable.java:12)\n\tat org.junit.runners.model.FrameworkMethod.invokeExplosively(FrameworkMethod.java:47)\n\tat org.junit.internal.runners.statements.InvokeMethod.evaluate(InvokeMethod.java:17)\n\tat org.junit.runners.ParentRunner.runLeaf(ParentRunner.java:325)\n\tat org.junit.runners.BlockJUnit4ClassRunner.runChild(BlockJUnit4ClassRunner.java:78)\n\tat org.junit.runners.BlockJUnit4ClassRunner.runChild(BlockJUnit4ClassRunner.java:57)\n\tat org.junit.runners.ParentRunner$3.run(ParentRunner.java:290)\n\tat org.junit.runners.ParentRunner$1.schedule(ParentRunner.java:71)\n\tat org.junit.runners.ParentRunner.runChildren(ParentRunner.java:288)\n\tat org.junit.runners.ParentRunner.access$000(ParentRunner.java:58)\n\tat org.junit.runners.ParentRunner$2.evaluate(ParentRunner.java:268)\n\tat org.junit.runners.ParentRunner.run(ParentRunner.java:363)\n\tat org.apache.maven.surefire.junit4.JUnit4Provider.execute(JUnit4Provider.java:252)\n\tat org.apache.maven.surefire.junit4.JUnit4Provider.executeTestSet(JUnit4Provider.java:141)\n\tat org.apache.maven.surefire.junit4.JUnit4Provider.invoke(JUnit4Provider.java:112)\n\tat sun.reflect.NativeMethodAccessorImpl.invoke0(Native Method)\n\tat sun.reflect.NativeMethodAccessorImpl.invoke(NativeMethodAccessorImpl.java:62)\n\tat sun.reflect.DelegatingMethodAccessorImpl.invoke(DelegatingMethodAccessorImpl.java:43)\n\tat java.lang.reflect.Method.invoke(Method.java:498)\n\tat org.apache.maven.surefire.util.ReflectionUtils.invokeMethodWithArray(ReflectionUtils.java:189)\n\tat org.apache.maven.surefire.booter.ProviderFactory$ProviderProxy.invoke(ProviderFactory.java:165)\n\tat org.apache.maven.surefire.booter.ProviderFactory.invokeProvider(ProviderFactory.java:85)\n\tat org.apache.maven.surefire.booter.ForkedBooter.runSuitesInProcess(ForkedBooter.java:115)\n\tat org.apache.maven.surefire.booter.ForkedBooter.main(ForkedBooter.java:75)\n",
                "failedSince": 10,
                "name": "anotherRandomFailingTest",
                "skipped": false,
                "skippedMessage": null,
                "status": "REGRESSION",
                "stderr": null,
                "stdout": null
              }
            ],
            "duration": 0.002,
            "enclosingBlockNames": [],
            "enclosingBlocks": [],
            "id": null,
            "name": "space.eignatik.testjj.SomeTest",
            "nodeId": null,
            "stderr": null,
            "stdout": null,
            "timestamp": null
          }
        ]
      }
    }
  ]
}